<?xml version="1.0" encoding="UTF-8"?>
<testsuite name="JunitTest" tests="1" skipped="0" failures="0" errors="0" timestamp="2020-05-05T21:44:08" hostname="DESKTOP-NNQM30H" time="0.002">
  <properties/>
  <testcase name="fill" classname="JunitTest" time="0.002"/>
  <system-out><![CDATA[10
20
+
]]></system-out>
  <system-err><![CDATA[]]></system-err>
</testsuite>
